<?xml version="1.0" encoding="UTF-8"?>
<testsuite xmlns:xsi="http://www.w3.org/2001/XMLSchema-instance" xsi:noNamespaceSchemaLocation="https://maven.apache.org/surefire/maven-surefire-plugin/xsd/surefire-test-report-3.0.xsd" version="3.0" name="com.project.microservices.api_gateway.ApiGatewayApplicationTests" time="2.0" tests="1" errors="0" skipped="0" failures="0">
  <properties>
[...]
</properties>
  <testcase name="contextLoads" classname="com.project.microservices.api_gateway.ApiGatewayApplicationTests" time="0.36">
    <system-out><![CDATA[18:17:35.091 [main] INFO org.springframework.test.context.support.AnnotationConfigContextLoaderUtils -- Could not detect default configuration classes for test class [com.project.microservices.api_gateway.ApiGatewayApplicationTests]: ApiGatewayApplicationTests does not declare any static, non-private, non-final, nested classes annotated with @Configuration.
18:17:35.120 [main] INFO org.springframework.boot.test.context.SpringBootTestContextBootstrapper -- Found @SpringBootConfiguration com.project.microservices.api_gateway.ApiGatewayApplication for test class com.project.microservices.api_gateway.ApiGatewayApplicationTests

  .   ____          _            __ _ _
 /\\ / ___'_ __ _ _(_)_ __  __ _ \ \ \ \
( ( )\___ | '_ | '_| | '_ \/ _` | \ \ \ \
 \\/  ___)| |_)| | | | | || (_| |  ) ) ) )
  '  |____| .__|_| |_|_| |_\__, | / / / /
 =========|_|==============|___/=/_/_/_/

 :: Spring Boot ::                (v3.3.5)

2026-03-02T18:17:35.254+05:30  INFO 15520 --- [api-gateway] [           main] [                                                 ] c.p.m.a.ApiGatewayApplicationTests       : Starting ApiGatewayApplicationTests using Java 17.0.17 with PID 15520 (started by saikrishna in /Users/saikrishna/Downloads/api-gateway)
2026-03-02T18:17:35.255+05:30  INFO 15520 --- [api-gateway] [           main] [                                                 ] c.p.m.a.ApiGatewayApplicationTests       : No active profile set, falling back to 1 default profile: "default"
2026-03-02T18:17:35.698+05:30  INFO 15520 --- [api-gateway] [           main] [                                                 ] o.s.cloud.context.scope.GenericScope     : BeanFactory id=48cba2eb-ba26-3bef-9de4-73d91c74caf3
2026-03-02T18:17:36.229+05:30  INFO 15520 --- [api-gateway] [           main] [                                                 ] o.s.b.a.e.web.EndpointLinksResolver      : Exposing 24 endpoints beneath base path '/actuator'
2026-03-02T18:17:36.660+05:30  INFO 15520 --- [api-gateway] [           main] [                                                 ] c.p.m.a.ApiGatewayApplicationTests       : Started ApiGatewayApplicationTests in 1.502 seconds (process running for 1.813)
]]></system-out>
  </testcase>
</testsuite>